<?xml version="1.0" encoding="UTF-8"?>
<!-- Generated by org.testng.reporters.JUnitXMLReporter -->
<testsuite hostname="Swaranjeets-MacBook-Air.local" tests="1" failures="0" timestamp="3 May 2021 00:29:15 GMT" time="0.634" errors="0">
  <testcase name="@BeforeClass login" time="0.0" classname="UpdateMyInfo">
    <failure type="java.lang.NullPointerException">
      <![CDATA[java.lang.NullPointerException
	at java.util.Objects.requireNonNull(Objects.java:203)
	at org.openqa.selenium.support.ui.FluentWait.<init>(FluentWait.java:106)
	at org.openqa.selenium.support.ui.WebDriverWait.<init>(WebDriverWait.java:85)
	at org.openqa.selenium.support.ui.WebDriverWait.<init>(WebDriverWait.java:45)
	at Utility.ExplicitWait.wait(ExplicitWait.java:11)
	at PageObjects.LoginPage.setUsername(LoginPage.java:30)
	at Utility.BaseClass.login(BaseClass.java:49)
	at java.util.concurrent.FutureTask.run(FutureTask.java:266)
	at java.util.concurrent.ThreadPoolExecutor.runWorker(ThreadPoolExecutor.java:1149)
	at java.util.concurrent.ThreadPoolExecutor$Worker.run(ThreadPoolExecutor.java:624)
	at java.lang.Thread.run(Thread.java:748)
... Removed 16 stack frames]]>
    </failure>
  </testcase> <!-- @BeforeClass login -->
  <testcase name="@BeforeClass setUp" time="0.0" classname="UpdateMyInfo">
    <skipped/>
  </testcase> <!-- @BeforeClass setUp -->
  <testcase name="@AfterClass tearDown" time="0.0" classname="UpdateMyInfo">
    <skipped/>
  </testcase> <!-- @AfterClass tearDown -->
  <testcase name="loginMyInfoPage" time="0.009" classname="UpdateMyInfo">
    <skipped/>
  </testcase> <!-- loginMyInfoPage -->
</testsuite>
