<?xml version="1.0" encoding="UTF-8"?>
<testng-results skipped="0" failed="1" total="1" passed="0">
  <reporter-output>
  </reporter-output>
  <suite name="Default Suite" duration-ms="22498" started-at="2021-05-22T15:20:48Z" finished-at="2021-05-22T15:21:11Z">
    <groups>
    </groups>
    <test name="Chrome" duration-ms="43" started-at="2021-05-22T15:20:48Z" finished-at="2021-05-22T15:20:48Z">
    </test> <!-- Chrome -->
    <test name="Firefox" duration-ms="22498" started-at="2021-05-22T15:20:48Z" finished-at="2021-05-22T15:21:11Z">
      <class name="AddVacancy">
        <test-method status="PASS" signature="setUp(java.lang.String)[pri:0, instance:AddVacancy@2cab9998]" name="setUp" is-config="true" duration-ms="18098" started-at="2021-05-22T11:20:48Z" finished-at="2021-05-22T11:21:06Z">
          <params>
            <param index="0">
              <value>
                <![CDATA[firefox]]>
              </value>
            </param>
          </params>
          <reporter-output>
          </reporter-output>
        </test-method> <!-- setUp -->
        <test-method status="PASS" signature="setupLogin()[pri:0, instance:AddVacancy@2cab9998]" name="setupLogin" is-config="true" duration-ms="1429" started-at="2021-05-22T11:21:06Z" finished-at="2021-05-22T11:21:08Z">
          <reporter-output>
          </reporter-output>
        </test-method> <!-- setupLogin -->
        <test-method status="FAIL" signature="addVacancy()[pri:0, instance:AddVacancy@2cab9998]" name="addVacancy" duration-ms="1412" started-at="2021-05-22T11:21:08Z" finished-at="2021-05-22T11:21:09Z">
          <exception class="org.openqa.selenium.NoSuchElementException">
            <message>
              <![CDATA[Unable to locate element: #btnSave
For documentation on this error, please visit: https://www.seleniumhq.org/exceptions/no_such_element.html
Build info: version: '3.141.59', revision: 'e82be7d358', time: '2018-11-14T08:17:03'
System info: host: 'Swaranjeets-MacBook-Air.local', ip: 'fe80:0:0:0:18ab:cb37:b2e3:73eb%en0', os.name: 'Mac OS X', os.arch: 'x86_64', os.version: '10.16', java.version: '1.8.0_281'
Driver info: org.openqa.selenium.firefox.FirefoxDriver
Capabilities {acceptInsecureCerts: true, browserName: firefox, browserVersion: 88.0, javascriptEnabled: true, moz:accessibilityChecks: false, moz:buildID: 20210415204500, moz:geckodriverVersion: 0.29.0, moz:headless: false, moz:processID: 1454, moz:profile: /var/folders/63/wvbxd3211mz..., moz:shutdownTimeout: 60000, moz:useNonSpecCompliantPointerOrigin: false, moz:webdriverClick: true, pageLoadStrategy: normal, platform: MAC, platformName: MAC, platformVersion: 20.4.0, rotatable: false, setWindowRect: true, strictFileInteractability: false, timeouts: {implicit: 0, pageLoad: 300000, script: 30000}, unhandledPromptBehavior: dismiss and notify}
Session ID: 9c3d2266-f744-9f4c-bc0e-93f19f6a7883
*** Element info: {Using=css selector, value=#btnSave}]]>
            </message>
            <full-stacktrace>
              <![CDATA[org.openqa.selenium.NoSuchElementException: Unable to locate element: #btnSave
For documentation on this error, please visit: https://www.seleniumhq.org/exceptions/no_such_element.html
Build info: version: '3.141.59', revision: 'e82be7d358', time: '2018-11-14T08:17:03'
System info: host: 'Swaranjeets-MacBook-Air.local', ip: 'fe80:0:0:0:18ab:cb37:b2e3:73eb%en0', os.name: 'Mac OS X', os.arch: 'x86_64', os.version: '10.16', java.version: '1.8.0_281'
Driver info: org.openqa.selenium.firefox.FirefoxDriver
Capabilities {acceptInsecureCerts: true, browserName: firefox, browserVersion: 88.0, javascriptEnabled: true, moz:accessibilityChecks: false, moz:buildID: 20210415204500, moz:geckodriverVersion: 0.29.0, moz:headless: false, moz:processID: 1454, moz:profile: /var/folders/63/wvbxd3211mz..., moz:shutdownTimeout: 60000, moz:useNonSpecCompliantPointerOrigin: false, moz:webdriverClick: true, pageLoadStrategy: normal, platform: MAC, platformName: MAC, platformVersion: 20.4.0, rotatable: false, setWindowRect: true, strictFileInteractability: false, timeouts: {implicit: 0, pageLoad: 300000, script: 30000}, unhandledPromptBehavior: dismiss and notify}
Session ID: 9c3d2266-f744-9f4c-bc0e-93f19f6a7883
*** Element info: {Using=css selector, value=#btnSave}
	at sun.reflect.NativeConstructorAccessorImpl.newInstance0(Native Method)
	at sun.reflect.NativeConstructorAccessorImpl.newInstance(NativeConstructorAccessorImpl.java:62)
	at sun.reflect.DelegatingConstructorAccessorImpl.newInstance(DelegatingConstructorAccessorImpl.java:45)
	at java.lang.reflect.Constructor.newInstance(Constructor.java:423)
	at org.openqa.selenium.remote.http.W3CHttpResponseCodec.createException(W3CHttpResponseCodec.java:187)
	at org.openqa.selenium.remote.http.W3CHttpResponseCodec.decode(W3CHttpResponseCodec.java:122)
	at org.openqa.selenium.remote.http.W3CHttpResponseCodec.decode(W3CHttpResponseCodec.java:49)
	at org.openqa.selenium.remote.HttpCommandExecutor.execute(HttpCommandExecutor.java:158)
	at org.openqa.selenium.remote.service.DriverCommandExecutor.execute(DriverCommandExecutor.java:83)
	at org.openqa.selenium.remote.RemoteWebDriver.execute(RemoteWebDriver.java:552)
	at org.openqa.selenium.remote.RemoteWebDriver.findElement(RemoteWebDriver.java:323)
	at org.openqa.selenium.remote.RemoteWebDriver.findElementByCssSelector(RemoteWebDriver.java:420)
	at org.openqa.selenium.By$ByCssSelector.findElement(By.java:431)
	at org.openqa.selenium.remote.RemoteWebDriver.findElement(RemoteWebDriver.java:315)
	at org.openqa.selenium.support.pagefactory.DefaultElementLocator.findElement(DefaultElementLocator.java:69)
	at org.openqa.selenium.support.pagefactory.internal.LocatingElementHandler.invoke(LocatingElementHandler.java:38)
	at com.sun.proxy.$Proxy17.click(Unknown Source)
	at PageObjects.vacanciesPage.setAddVacancyButton(vacanciesPage.java:48)
	at AddVacancy.addVacancy(AddVacancy.java:20)
	at sun.reflect.NativeMethodAccessorImpl.invoke0(Native Method)
	at sun.reflect.NativeMethodAccessorImpl.invoke(NativeMethodAccessorImpl.java:62)
	at sun.reflect.DelegatingMethodAccessorImpl.invoke(DelegatingMethodAccessorImpl.java:43)
	at java.lang.reflect.Method.invoke(Method.java:498)
	at org.testng.internal.MethodInvocationHelper.invokeMethod(MethodInvocationHelper.java:85)
	at org.testng.internal.Invoker.invokeMethod(Invoker.java:639)
	at org.testng.internal.Invoker.invokeTestMethod(Invoker.java:816)
	at org.testng.internal.Invoker.invokeTestMethods(Invoker.java:1124)
	at org.testng.internal.TestMethodWorker.invokeTestMethods(TestMethodWorker.java:125)
	at org.testng.internal.TestMethodWorker.run(TestMethodWorker.java:108)
	at org.testng.TestRunner.privateRun(TestRunner.java:774)
	at org.testng.TestRunner.run(TestRunner.java:624)
	at org.testng.SuiteRunner.runTest(SuiteRunner.java:359)
	at org.testng.SuiteRunner.access$000(SuiteRunner.java:39)
	at org.testng.SuiteRunner$SuiteWorker.run(SuiteRunner.java:393)
	at org.testng.internal.thread.ThreadUtil$2.call(ThreadUtil.java:64)
	at java.util.concurrent.FutureTask.run(FutureTask.java:266)
	at java.util.concurrent.ThreadPoolExecutor.runWorker(ThreadPoolExecutor.java:1149)
	at java.util.concurrent.ThreadPoolExecutor$Worker.run(ThreadPoolExecutor.java:624)
	at java.lang.Thread.run(Thread.java:748)
]]>
            </full-stacktrace>
          </exception> <!-- org.openqa.selenium.NoSuchElementException -->
          <reporter-output>
          </reporter-output>
        </test-method> <!-- addVacancy -->
        <test-method status="PASS" signature="tearDown()[pri:0, instance:AddVacancy@2cab9998]" name="tearDown" is-config="true" duration-ms="1039" started-at="2021-05-22T11:21:10Z" finished-at="2021-05-22T11:21:11Z">
          <reporter-output>
          </reporter-output>
        </test-method> <!-- tearDown -->
      </class> <!-- AddVacancy -->
    </test> <!-- Firefox -->
  </suite> <!-- Default Suite -->
</testng-results>
