<?xml version="1.0" encoding="UTF-8"?>
<testng-results skipped="1" failed="0" total="1" passed="0">
  <reporter-output>
  </reporter-output>
  <suite name="Default Suite" duration-ms="634" started-at="2021-05-03T00:29:15Z" finished-at="2021-05-03T00:29:15Z">
    <groups>
    </groups>
    <test name="Chrome" duration-ms="634" started-at="2021-05-03T00:29:15Z" finished-at="2021-05-03T00:29:15Z">
      <class name="UpdateMyInfo">
        <test-method status="FAIL" signature="login()[pri:0, instance:UpdateMyInfo@ec0c838]" name="login" is-config="true" duration-ms="0" started-at="2021-05-02T20:29:15Z" finished-at="2021-05-02T20:29:15Z">
          <exception class="java.lang.NullPointerException">
            <full-stacktrace>
              <![CDATA[java.lang.NullPointerException
	at java.util.Objects.requireNonNull(Objects.java:203)
	at org.openqa.selenium.support.ui.FluentWait.<init>(FluentWait.java:106)
	at org.openqa.selenium.support.ui.WebDriverWait.<init>(WebDriverWait.java:85)
	at org.openqa.selenium.support.ui.WebDriverWait.<init>(WebDriverWait.java:45)
	at Utility.ExplicitWait.wait(ExplicitWait.java:11)
	at PageObjects.LoginPage.setUsername(LoginPage.java:30)
	at Utility.BaseClass.login(BaseClass.java:49)
	at sun.reflect.NativeMethodAccessorImpl.invoke0(Native Method)
	at sun.reflect.NativeMethodAccessorImpl.invoke(NativeMethodAccessorImpl.java:62)
	at sun.reflect.DelegatingMethodAccessorImpl.invoke(DelegatingMethodAccessorImpl.java:43)
	at java.lang.reflect.Method.invoke(Method.java:498)
	at org.testng.internal.MethodInvocationHelper.invokeMethod(MethodInvocationHelper.java:85)
	at org.testng.internal.Invoker.invokeConfigurationMethod(Invoker.java:510)
	at org.testng.internal.Invoker.invokeConfigurations(Invoker.java:211)
	at org.testng.internal.Invoker.invokeConfigurations(Invoker.java:138)
	at org.testng.internal.TestMethodWorker.invokeBeforeClassMethods(TestMethodWorker.java:170)
	at org.testng.internal.TestMethodWorker.run(TestMethodWorker.java:104)
	at org.testng.TestRunner.privateRun(TestRunner.java:774)
	at org.testng.TestRunner.run(TestRunner.java:624)
	at org.testng.SuiteRunner.runTest(SuiteRunner.java:359)
	at org.testng.SuiteRunner.access$000(SuiteRunner.java:39)
	at org.testng.SuiteRunner$SuiteWorker.run(SuiteRunner.java:393)
	at org.testng.internal.thread.ThreadUtil$2.call(ThreadUtil.java:64)
	at java.util.concurrent.FutureTask.run(FutureTask.java:266)
	at java.util.concurrent.ThreadPoolExecutor.runWorker(ThreadPoolExecutor.java:1149)
	at java.util.concurrent.ThreadPoolExecutor$Worker.run(ThreadPoolExecutor.java:624)
	at java.lang.Thread.run(Thread.java:748)
]]>
            </full-stacktrace>
          </exception> <!-- java.lang.NullPointerException -->
          <reporter-output>
          </reporter-output>
        </test-method> <!-- login -->
        <test-method status="SKIP" signature="setUp(java.lang.String)[pri:0, instance:UpdateMyInfo@ec0c838]" name="setUp" is-config="true" duration-ms="0" started-at="2021-05-02T20:29:15Z" finished-at="2021-05-02T20:29:15Z">
          <reporter-output>
          </reporter-output>
        </test-method> <!-- setUp -->
        <test-method status="SKIP" signature="loginMyInfoPage()[pri:1, instance:UpdateMyInfo@ec0c838]" name="loginMyInfoPage" duration-ms="9" started-at="2021-05-02T20:29:15Z" finished-at="2021-05-02T20:29:15Z">
          <reporter-output>
          </reporter-output>
        </test-method> <!-- loginMyInfoPage -->
        <test-method status="SKIP" signature="tearDown()[pri:0, instance:UpdateMyInfo@ec0c838]" name="tearDown" is-config="true" duration-ms="0" started-at="2021-05-02T20:29:15Z" finished-at="2021-05-02T20:29:15Z">
          <reporter-output>
          </reporter-output>
        </test-method> <!-- tearDown -->
      </class> <!-- UpdateMyInfo -->
    </test> <!-- Chrome -->
  </suite> <!-- Default Suite -->
</testng-results>
