-------------------------------------------------------------------------------
Test set: TestSuite
-------------------------------------------------------------------------------
Tests run: 1, Failures: 1, Errors: 0, Skipped: 0, Time elapsed: 8.551 s <<< FAILURE! - in TestSuite
AddVacancy.addVacancy  Time elapsed: 1.235 s  <<< FAILURE!
java.lang.AssertionError: expected [true] but found [false]
	at AddVacancy.addVacancy(AddVacancy.java:23)

